FYReader-dev/app/build/intermediates/manifest_merge_blame_file/release/manifest-merger-blame-release-report.txt
1<?xml version="1.0" encoding="utf-8"?>
2<!--
3  ~ This file is part of FYReader.
4  ~ FYReader is free software: you can redistribute it and/or modify
5  ~ it under the terms of the GNU General Public License as published by
6  ~ the Free Software Foundation, either version 3 of the License, or
7  ~ (at your option) any later version.
8  ~
9  ~ FYReader is distributed in the hope that it will be useful,
10  ~ but WITHOUT ANY WARRANTY; without even the implied warranty of
11  ~ MERCHANTABILITY or FITNESS FOR A PARTICULAR PURPOSE.  See the
12  ~ GNU General Public License for more details.
13  ~
14  ~ You should have received a copy of the GNU General Public License
15  ~ along with FYReader.  If not, see <https://www.gnu.org/licenses/>.
16  ~
17  ~ Copyright (C) 2020 - 2022 fengyuecanzhu
18-->
19<manifest xmlns:android="http://schemas.android.com/apk/res/android"
20    package="zhy.hongyuan"
21    android:versionCode="265"
22    android:versionName="2.6.5" >
23
24    <uses-sdk
24-->src/main/AndroidManifest.xml:64:5-54
25        android:minSdkVersion="21"
25-->src/main/AndroidManifest.xml:64:5-54
26        android:targetSdkVersion="29" />
26-->src/main/AndroidManifest.xml:64:5-54
27
28    <!-- 必要权限，解决安全风险漏洞，发送和注册广播事件需要调用带有传递权限的接口 -->
29    <permission
30        android:name="zhy.hongyuan.openadsdk.permission.TT_PANGOLIN"
30-->src/main/AndroidManifest.xml:25:17-81
31        android:protectionLevel="signature" />
31-->src/main/AndroidManifest.xml:26:9-44
32
33    <uses-permission android:name="zhy.hongyuan.openadsdk.permission.TT_PANGOLIN" />
33-->src/main/AndroidManifest.xml:28:22-86
34    <!-- ********************************permission************************************ -->
35    <!-- 读取手机状态和身份 -->
36    <!-- <uses-permission android:name="android.permission.READ_PHONE_STATE"/> -->
37    <uses-permission android:name="android.permission.USE_BIOMETRIC" />
37-->src/main/AndroidManifest.xml:32:5-72
37-->src/main/AndroidManifest.xml:32:22-69
38    <uses-permission android:name="android.permission.USE_FINGERPRINT" />
38-->src/main/AndroidManifest.xml:33:5-74
38-->src/main/AndroidManifest.xml:33:22-71
39    <uses-permission android:name="com.example.broadcast.permission" />
39-->src/main/AndroidManifest.xml:34:5-72
39-->src/main/AndroidManifest.xml:34:22-69
40    <!-- 拥有完全的网络访问权限 -->
41    <uses-permission android:name="android.permission.INTERNET" />
41-->src/main/AndroidManifest.xml:36:5-67
41-->src/main/AndroidManifest.xml:36:22-64
42    <!-- 查看网络连接 -->
43    <uses-permission android:name="android.permission.ACCESS_NETWORK_STATE" />
43-->src/main/AndroidManifest.xml:38:5-79
43-->src/main/AndroidManifest.xml:38:22-76
44    <!-- 查看WLAN连接 -->
45    <uses-permission android:name="android.permission.ACCESS_WIFI_STATE" />
45-->src/main/AndroidManifest.xml:40:5-76
45-->src/main/AndroidManifest.xml:40:22-73
46    <!-- 修改或删除您的USB存储设备中的内容 -->
47    <uses-permission android:name="android.permission.MOUNT_UNMOUNT_FILESYSTEM" />
47-->src/main/AndroidManifest.xml:42:5-83
47-->src/main/AndroidManifest.xml:42:22-80
48    <uses-permission android:name="android.permission.WRITE_EXTERNAL_STORAGE" />
48-->src/main/AndroidManifest.xml:44:5-81
48-->src/main/AndroidManifest.xml:44:22-78
49    <!-- 读取您的USB存储设备中的内容 -->
50    <uses-permission android:name="android.permission.READ_EXTERNAL_STORAGE" />
50-->src/main/AndroidManifest.xml:46:5-80
50-->src/main/AndroidManifest.xml:46:22-77
51    <!-- 开机启动 -->
52    <uses-permission android:name="android.permission.RECEIVE_BOOT_COMPLETED" />
52-->src/main/AndroidManifest.xml:48:5-81
52-->src/main/AndroidManifest.xml:48:22-78
53    <uses-permission android:name="android.Manifest.permission.INTERNAL_SYSTEM_WINDOW" />
53-->src/main/AndroidManifest.xml:49:5-90
53-->src/main/AndroidManifest.xml:49:22-87
54    <!-- 停用屏幕锁定 -->
55    <uses-permission android:name="android.permission.DISABLE_KEYGUARD" />
55-->src/main/AndroidManifest.xml:51:5-75
55-->src/main/AndroidManifest.xml:51:22-72
56    <!-- 防止手机休眠 -->
57    <uses-permission android:name="android.permission.WAKE_LOCK" />
57-->src/main/AndroidManifest.xml:53:5-68
57-->src/main/AndroidManifest.xml:53:22-65
58    <!-- 检索正在运行的应用 -->
59    <!-- <uses-permission android:name="android.permission.GET_TASKS" /> -->
60    <!-- 连接WLAN网络和断开连接 -->
61    <uses-permission android:name="android.permission.CHANGE_WIFI_STATE" />
61-->src/main/AndroidManifest.xml:57:5-76
61-->src/main/AndroidManifest.xml:57:22-73
62    <uses-permission android:name="android.permission.DOWNLOAD_WITHOUT_NOTIFICATION" />
62-->src/main/AndroidManifest.xml:58:5-88
62-->src/main/AndroidManifest.xml:58:22-85
63    <!-- 安装应用的权限 -->
64    <uses-permission android:name="android.permission.REQUEST_INSTALL_PACKAGES" />
64-->src/main/AndroidManifest.xml:60:5-83
64-->src/main/AndroidManifest.xml:60:22-80
65    <uses-permission android:name="android.permission.FOREGROUND_SERVICE" />
65-->src/main/AndroidManifest.xml:61:5-77
65-->src/main/AndroidManifest.xml:61:22-74
66    <uses-permission android:name="android.permission.REQUEST_IGNORE_BATTERY_OPTIMIZATIONS" />
66-->src/main/AndroidManifest.xml:62:5-95
66-->src/main/AndroidManifest.xml:62:22-92
67    <uses-permission android:name="android.permission.READ_PHONE_STATE" />
67-->[ddsdk-release.aar] AndroidManifest.xml:16:5-75
67-->[ddsdk-release.aar] AndroidManifest.xml:16:22-72
68    <uses-permission android:name="android.permission.ACCESS_COARSE_LOCATION" />
68-->[ddsdk-release.aar] AndroidManifest.xml:20:5-81
68-->[ddsdk-release.aar] AndroidManifest.xml:20:22-78
69    <uses-permission android:name="android.permission.ACCESS_BACKGROUND_LOCATION" />
69-->[ddsdk-release.aar] AndroidManifest.xml:21:5-85
69-->[ddsdk-release.aar] AndroidManifest.xml:21:22-82
70    <uses-permission android:name="android.permission.ACCESS_FINE_LOCATION" />
70-->[ddsdk-release.aar] AndroidManifest.xml:22:5-79
70-->[ddsdk-release.aar] AndroidManifest.xml:22:22-76
71    <uses-permission android:name="android.permission.GET_TASKS" />
71-->[ddsdk-release.aar] AndroidManifest.xml:23:5-68
71-->[ddsdk-release.aar] AndroidManifest.xml:23:22-65
72    <uses-permission android:name="android.permission.MANAGE_EXTERNAL_STORAGE" />
72-->[ddsdk-release.aar] AndroidManifest.xml:25:5-82
72-->[ddsdk-release.aar] AndroidManifest.xml:25:22-79
73    <uses-permission android:name="android.permission.QUERY_ALL_PACKAGES" />
73-->[ddsdk-release.aar] AndroidManifest.xml:26:5-77
73-->[ddsdk-release.aar] AndroidManifest.xml:26:22-74
74    <uses-permission android:name="android.permission.SYSTEM_ALERT_WINDOW" />
74-->[ddsdk-release.aar] AndroidManifest.xml:27:5-78
74-->[ddsdk-release.aar] AndroidManifest.xml:27:22-75
75    <uses-permission android:name="android.permission.VIBRATE" />
75-->[ddsdk-release.aar] AndroidManifest.xml:28:5-66
75-->[ddsdk-release.aar] AndroidManifest.xml:28:22-63
76    <uses-permission android:name="android.permission.MOUNT_UNMOUNT_FILESYSTEMS" />
76-->[com.lzy.net:okgo:3.0.4] AndroidManifest.xml:29:5-84
76-->[com.lzy.net:okgo:3.0.4] AndroidManifest.xml:29:22-81
77    <uses-permission android:name="android.permission.CAMERA" /> <!-- Don't require camera, as this requires a rear camera. This allows it to work on the Nexus 7 -->
77-->[com.journeyapps:zxing-android-embedded:3.5.0] AndroidManifest.xml:21:5-65
77-->[com.journeyapps:zxing-android-embedded:3.5.0] AndroidManifest.xml:21:22-62
78    <uses-feature
78-->[com.journeyapps:zxing-android-embedded:3.5.0] AndroidManifest.xml:24:5-26:36
79        android:name="android.hardware.camera"
79-->[com.journeyapps:zxing-android-embedded:3.5.0] AndroidManifest.xml:25:9-47
80        android:required="false" />
80-->[com.journeyapps:zxing-android-embedded:3.5.0] AndroidManifest.xml:26:9-33
81    <uses-feature
81-->[com.journeyapps:zxing-android-embedded:3.5.0] AndroidManifest.xml:27:5-29:36
82        android:name="android.hardware.camera.front"
82-->[com.journeyapps:zxing-android-embedded:3.5.0] AndroidManifest.xml:28:9-53
83        android:required="false" /> <!-- TODO replace above two with next line after Android 4.2 -->
83-->[com.journeyapps:zxing-android-embedded:3.5.0] AndroidManifest.xml:29:9-33
84    <!-- <uses-feature android:name="android.hardware.camera.any"/> -->
85    <uses-feature
85-->[com.journeyapps:zxing-android-embedded:3.5.0] AndroidManifest.xml:32:5-34:36
86        android:name="android.hardware.camera.autofocus"
86-->[com.journeyapps:zxing-android-embedded:3.5.0] AndroidManifest.xml:33:9-57
87        android:required="false" />
87-->[com.journeyapps:zxing-android-embedded:3.5.0] AndroidManifest.xml:34:9-33
88    <uses-feature
88-->[com.journeyapps:zxing-android-embedded:3.5.0] AndroidManifest.xml:35:5-37:36
89        android:name="android.hardware.camera.flash"
89-->[com.journeyapps:zxing-android-embedded:3.5.0] AndroidManifest.xml:36:9-53
90        android:required="false" />
90-->[com.journeyapps:zxing-android-embedded:3.5.0] AndroidManifest.xml:37:9-33
91    <uses-feature
91-->[com.journeyapps:zxing-android-embedded:3.5.0] AndroidManifest.xml:38:5-40:36
92        android:name="android.hardware.screen.landscape"
92-->[com.journeyapps:zxing-android-embedded:3.5.0] AndroidManifest.xml:39:9-57
93        android:required="false" />
93-->[com.journeyapps:zxing-android-embedded:3.5.0] AndroidManifest.xml:40:9-33
94    <uses-feature
94-->[com.journeyapps:zxing-android-embedded:3.5.0] AndroidManifest.xml:41:5-43:36
95        android:name="android.hardware.wifi"
95-->[com.journeyapps:zxing-android-embedded:3.5.0] AndroidManifest.xml:42:9-45
96        android:required="false" />
96-->[com.journeyapps:zxing-android-embedded:3.5.0] AndroidManifest.xml:43:9-33
97
98    <uses-permission android:name="com.asus.msa.SupplementaryDID.ACCESS" />
98-->[com.pangle.cn:ads-sdk-pro:4.2.5.2] AndroidManifest.xml:14:5-76
98-->[com.pangle.cn:ads-sdk-pro:4.2.5.2] AndroidManifest.xml:14:22-73
99
100    <queries>
100-->[com.pangle.cn:ads-sdk-pro:4.2.5.2] AndroidManifest.xml:20:5-28:15
101        <intent>
101-->[com.pangle.cn:ads-sdk-pro:4.2.5.2] AndroidManifest.xml:21:9-27:18
102            <action android:name="android.intent.action.VIEW" />
102-->src/main/AndroidManifest.xml:110:17-69
102-->src/main/AndroidManifest.xml:110:25-66
103
104            <category android:name="android.intent.category.BROWSABLE" />
104-->[com.pangle.cn:ads-sdk-pro:4.2.5.2] AndroidManifest.xml:24:13-74
104-->[com.pangle.cn:ads-sdk-pro:4.2.5.2] AndroidManifest.xml:24:23-71
105
106            <data android:scheme="https" />
106-->src/main/AndroidManifest.xml:113:17-55
107        </intent>
108    </queries>
109
110    <uses-permission android:name="android.permission.FLASHLIGHT" />
110-->[cn.bingoogolapple:bga-qrcode-core:1.3.7] AndroidManifest.xml:10:5-69
110-->[cn.bingoogolapple:bga-qrcode-core:1.3.7] AndroidManifest.xml:10:22-66
111
112    <application
112-->src/main/AndroidManifest.xml:65:5-159:19
113        android:name="zhy.hongyuan.application.App"
113-->src/main/AndroidManifest.xml:66:9-52
114        android:allowBackup="true"
114-->src/main/AndroidManifest.xml:67:9-35
115        android:alwaysRetainTaskState="true"
115-->src/main/AndroidManifest.xml:68:9-45
116        android:appComponentFactory="androidx.core.app.CoreComponentFactory"
116-->[androidx.core:core:1.6.0] AndroidManifest.xml:24:18-86
117        android:icon="@drawable/ic_launcher_new"
117-->src/main/AndroidManifest.xml:69:9-49
118        android:label="@string/app_name"
118-->src/main/AndroidManifest.xml:70:9-41
119        android:networkSecurityConfig="@xml/network_security_config"
119-->src/main/AndroidManifest.xml:71:9-69
120        android:requestLegacyExternalStorage="true"
120-->src/main/AndroidManifest.xml:72:9-52
121        android:roundIcon="@drawable/ic_launcher_new"
121-->src/main/AndroidManifest.xml:73:9-54
122        android:supportsRtl="true"
122-->src/main/AndroidManifest.xml:74:9-35
123        android:theme="@style/MAppTheme"
123-->src/main/AndroidManifest.xml:75:9-41
124        android:usesCleartextTraffic="true" >
124-->[ddsdk-release.aar] AndroidManifest.xml:32:9-44
125        <activity android:name="zhy.hongyuan.ui.activity.SplashActivity" >
125-->src/main/AndroidManifest.xml:77:9-86:20
125-->src/main/AndroidManifest.xml:77:19-73
126            <intent-filter>
126-->src/main/AndroidManifest.xml:78:13-81:29
127                <action android:name="android.intent.action.MAIN" />
127-->src/main/AndroidManifest.xml:79:17-69
127-->src/main/AndroidManifest.xml:79:25-66
128
129                <category android:name="android.intent.category.LAUNCHER" />
129-->src/main/AndroidManifest.xml:80:17-77
129-->src/main/AndroidManifest.xml:80:27-74
130            </intent-filter>
131
132            <meta-data
132-->src/main/AndroidManifest.xml:83:13-85:53
133                android:name="android.app.shortcuts"
133-->src/main/AndroidManifest.xml:84:17-53
134                android:resource="@xml/shortcuts" />
134-->src/main/AndroidManifest.xml:85:17-50
135        </activity>
136
137        <provider
138            android:name="androidx.core.content.FileProvider"
138-->src/main/AndroidManifest.xml:89:13-62
139            android:authorities="zhy.hongyuan.fileprovider"
139-->src/main/AndroidManifest.xml:90:13-64
140            android:exported="false"
140-->src/main/AndroidManifest.xml:91:13-37
141            android:grantUriPermissions="true" >
141-->src/main/AndroidManifest.xml:92:13-47
142            <meta-data
142-->src/main/AndroidManifest.xml:93:13-95:54
143                android:name="android.support.FILE_PROVIDER_PATHS"
143-->src/main/AndroidManifest.xml:94:17-67
144                android:resource="@xml/file_paths" />
144-->src/main/AndroidManifest.xml:95:17-51
145        </provider>
146
147        <activity
147-->src/main/AndroidManifest.xml:98:9-101:47
148            android:name="zhy.hongyuan.ui.activity.MainActivity"
148-->src/main/AndroidManifest.xml:99:13-65
149            android:alwaysRetainTaskState="true"
149-->src/main/AndroidManifest.xml:100:13-49
150            android:launchMode="singleTask" />
150-->src/main/AndroidManifest.xml:101:13-44
151        <activity android:name="zhy.hongyuan.ui.activity.SearchBookActivity" />
151-->src/main/AndroidManifest.xml:102:9-80
151-->src/main/AndroidManifest.xml:102:19-77
152        <activity android:name="zhy.hongyuan.ui.activity.BookDetailedActivity" />
152-->src/main/AndroidManifest.xml:103:9-82
152-->src/main/AndroidManifest.xml:103:19-79
153        <activity
153-->src/main/AndroidManifest.xml:105:9-116:20
154            android:name="zhy.hongyuan.ui.activity.ReadActivity"
154-->src/main/AndroidManifest.xml:106:13-65
155            android:launchMode="singleTask"
155-->src/main/AndroidManifest.xml:107:13-44
156            android:windowSoftInputMode="stateAlwaysHidden" >
156-->src/main/AndroidManifest.xml:108:13-60
157            <intent-filter>
157-->src/main/AndroidManifest.xml:109:13-115:29
158                <action android:name="android.intent.action.VIEW" />
158-->src/main/AndroidManifest.xml:110:17-69
158-->src/main/AndroidManifest.xml:110:25-66
159
160                <category android:name="android.intent.category.DEFAULT" />
160-->src/main/AndroidManifest.xml:111:17-76
160-->src/main/AndroidManifest.xml:111:27-73
161
162                <data android:mimeType="text/plain" />
162-->src/main/AndroidManifest.xml:113:17-55
162-->src/main/AndroidManifest.xml:113:23-52
163                <data android:mimeType="application/epub+zip" />
163-->src/main/AndroidManifest.xml:113:17-55
163-->src/main/AndroidManifest.xml:113:23-52
164            </intent-filter>
165        </activity>
166        <activity android:name="zhy.hongyuan.ui.activity.FontsActivity" />
166-->src/main/AndroidManifest.xml:117:9-75
166-->src/main/AndroidManifest.xml:117:19-72
167        <activity android:name="zhy.hongyuan.ui.activity.LoginActivity" />
167-->src/main/AndroidManifest.xml:119:9-75
167-->src/main/AndroidManifest.xml:119:19-72
168        <activity android:name="zhy.hongyuan.ui.activity.RegisterActivity" />
168-->src/main/AndroidManifest.xml:121:9-78
168-->src/main/AndroidManifest.xml:121:19-75
169        <activity android:name="zhy.hongyuan.ui.activity.CatalogActivity" />
169-->src/main/AndroidManifest.xml:123:9-77
169-->src/main/AndroidManifest.xml:123:19-74
170        <activity android:name="zhy.hongyuan.ui.activity.AboutActivity" />
170-->src/main/AndroidManifest.xml:124:9-75
170-->src/main/AndroidManifest.xml:124:19-72
171        <activity android:name="zhy.hongyuan.ui.activity.FileSystemActivity" />
171-->src/main/AndroidManifest.xml:127:9-80
171-->src/main/AndroidManifest.xml:127:19-77
172        <activity android:name="zhy.hongyuan.ui.activity.FeedbackActivity" />
172-->src/main/AndroidManifest.xml:129:9-78
172-->src/main/AndroidManifest.xml:129:19-75
173        <activity android:name="zhy.hongyuan.ui.activity.ReplaceRuleActivity" />
173-->src/main/AndroidManifest.xml:130:9-81
173-->src/main/AndroidManifest.xml:130:19-78
174        <activity android:name="zhy.hongyuan.ui.activity.MoreSettingActivity" />
174-->src/main/AndroidManifest.xml:132:9-81
174-->src/main/AndroidManifest.xml:132:19-78
175        <activity android:name="zhy.hongyuan.ui.activity.BookstoreActivity" />
175-->src/main/AndroidManifest.xml:133:9-79
175-->src/main/AndroidManifest.xml:133:19-76
176        <activity android:name="zhy.hongyuan.ui.activity.QRCodeScanActivity" />
176-->src/main/AndroidManifest.xml:134:9-80
176-->src/main/AndroidManifest.xml:134:19-77
177        <activity
177-->src/main/AndroidManifest.xml:135:9-137:39
178            android:name="zhy.hongyuan.ui.activity.BookSourceActivity"
178-->src/main/AndroidManifest.xml:136:13-71
179            android:exported="true" />
179-->src/main/AndroidManifest.xml:137:13-36
180        <activity android:name="zhy.hongyuan.ui.activity.SourceEditActivity" />
180-->src/main/AndroidManifest.xml:138:9-80
180-->src/main/AndroidManifest.xml:138:19-77
181        <activity android:name="zhy.hongyuan.ui.activity.SourceDebugActivity" />
181-->src/main/AndroidManifest.xml:139:9-81
181-->src/main/AndroidManifest.xml:139:19-78
182        <activity android:name="zhy.hongyuan.ui.activity.AdSettingActivity" />
182-->src/main/AndroidManifest.xml:140:9-79
182-->src/main/AndroidManifest.xml:140:19-76
183        <activity android:name="zhy.hongyuan.ui.activity.DonateActivity" />
183-->src/main/AndroidManifest.xml:141:9-76
183-->src/main/AndroidManifest.xml:141:19-73
184        <activity android:name="zhy.hongyuan.ui.activity.BookInfoEditActivity" />
184-->src/main/AndroidManifest.xml:142:9-82
184-->src/main/AndroidManifest.xml:142:19-79
185        <activity android:name="zhy.hongyuan.ui.activity.SourceLoginActivity" />
185-->src/main/AndroidManifest.xml:143:9-81
185-->src/main/AndroidManifest.xml:143:19-78
186        <activity android:name="zhy.hongyuan.ui.activity.ReadRecordActivity" />
186-->src/main/AndroidManifest.xml:144:9-80
186-->src/main/AndroidManifest.xml:144:19-77
187        <activity android:name="zhy.hongyuan.ui.activity.FindBookActivity" />
187-->src/main/AndroidManifest.xml:145:9-78
187-->src/main/AndroidManifest.xml:145:19-75
188        <activity android:name="zhy.hongyuan.ui.activity.GroupManagerActivity" />
188-->src/main/AndroidManifest.xml:146:9-82
188-->src/main/AndroidManifest.xml:146:19-79
189        <activity android:name="zhy.hongyuan.ui.activity.SearchWordActivity" />
189-->src/main/AndroidManifest.xml:147:9-80
189-->src/main/AndroidManifest.xml:147:19-77
190        <activity android:name="zhy.hongyuan.ui.activity.AuthEmailActivity" />
190-->src/main/AndroidManifest.xml:148:9-79
190-->src/main/AndroidManifest.xml:148:19-76
191        <activity android:name="zhy.hongyuan.ui.activity.RestartActivity" />
191-->src/main/AndroidManifest.xml:149:9-77
191-->src/main/AndroidManifest.xml:149:19-74
192        <activity android:name="zhy.hongyuan.ui.activity.CrashActivity" />
192-->src/main/AndroidManifest.xml:150:9-75
192-->src/main/AndroidManifest.xml:150:19-72
193        <activity android:name="zhy.hongyuan.ui.activity.SourceSubscribeActivity" />
193-->src/main/AndroidManifest.xml:151:9-85
193-->src/main/AndroidManifest.xml:151:19-82
194        <activity android:name="zhy.hongyuan.ui.activity.RemoveAdActivity" />
194-->src/main/AndroidManifest.xml:152:9-78
194-->src/main/AndroidManifest.xml:152:19-75
195        <activity android:name="zhy.hongyuan.ui.activity.UserInfoActivity" />
195-->src/main/AndroidManifest.xml:153:9-78
195-->src/main/AndroidManifest.xml:153:19-75
196
197        <receiver android:name="zhy.hongyuan.util.notification.NotificationClickReceiver" />
197-->src/main/AndroidManifest.xml:155:9-93
197-->src/main/AndroidManifest.xml:155:19-90
198        <receiver android:name="zhy.hongyuan.ui.presenter.BookcasePresenter$cancelDownloadReceiver" />
198-->src/main/AndroidManifest.xml:156:9-103
198-->src/main/AndroidManifest.xml:156:19-100
199
200        <service android:name="zhy.hongyuan.model.audio.ReadAloudService" />
200-->src/main/AndroidManifest.xml:158:9-77
200-->src/main/AndroidManifest.xml:158:18-74
201
202        <activity
202-->[ddsdk-release.aar] AndroidManifest.xml:34:9-37:55
203            android:name="com.weaction.ddsdk.activity.WebViewAc"
203-->[ddsdk-release.aar] AndroidManifest.xml:35:13-65
204            android:screenOrientation="portrait"
204-->[ddsdk-release.aar] AndroidManifest.xml:36:13-49
205            android:theme="@style/NoActionBarTheme" />
205-->[ddsdk-release.aar] AndroidManifest.xml:37:13-52
206        <activity
206-->[ddsdk-release.aar] AndroidManifest.xml:38:9-42:50
207            android:name="com.weaction.ddsdk.activity.DdSdkRewardAc"
207-->[ddsdk-release.aar] AndroidManifest.xml:39:13-69
208            android:configChanges="keyboard|keyboardHidden|orientation|screenSize|screenLayout|smallestScreenSize|uiMode"
208-->[ddsdk-release.aar] AndroidManifest.xml:40:13-122
209            android:screenOrientation="portrait"
209-->[ddsdk-release.aar] AndroidManifest.xml:41:13-49
210            android:theme="@style/SplashTheme" />
210-->[ddsdk-release.aar] AndroidManifest.xml:42:13-47
211        <activity
211-->[ddsdk-release.aar] AndroidManifest.xml:43:9-47:50
212            android:name="com.weaction.ddsdk.activity.DdSdkSplashVideoAc"
212-->[ddsdk-release.aar] AndroidManifest.xml:44:13-74
213            android:configChanges="keyboard|keyboardHidden|orientation|screenSize|screenLayout|smallestScreenSize|uiMode"
213-->[ddsdk-release.aar] AndroidManifest.xml:45:13-122
214            android:screenOrientation="portrait"
214-->[ddsdk-release.aar] AndroidManifest.xml:46:13-49
215            android:theme="@style/SplashTheme" /> <!-- 不要设置 android:screenOrientation="portrait"，以避免 8.0 的 bug -->
215-->[ddsdk-release.aar] AndroidManifest.xml:47:13-47
216        <activity
216-->[ddsdk-release.aar] AndroidManifest.xml:50:9-52:54
217            android:name="com.weaction.ddsdk.activity.DdSdkPermissionAc"
217-->[ddsdk-release.aar] AndroidManifest.xml:51:13-73
218            android:theme="@style/PermissionTheme" />
218-->[ddsdk-release.aar] AndroidManifest.xml:52:13-51
219        <activity
219-->[ddsdk-release.aar] AndroidManifest.xml:53:9-57:50
220            android:name="com.weaction.ddsdk.activity.DdSdkInterVideoAc"
220-->[ddsdk-release.aar] AndroidManifest.xml:54:13-73
221            android:configChanges="keyboard|keyboardHidden|orientation|screenSize|screenLayout|smallestScreenSize|uiMode"
221-->[ddsdk-release.aar] AndroidManifest.xml:55:13-122
222            android:screenOrientation="portrait"
222-->[ddsdk-release.aar] AndroidManifest.xml:56:13-49
223            android:theme="@style/SplashTheme" /> <!-- 穿山甲开始 -->
223-->[ddsdk-release.aar] AndroidManifest.xml:57:13-47
224        <provider
224-->[ddsdk-release.aar] AndroidManifest.xml:60:9-68:20
225            android:name="com.bytedance.sdk.openadsdk.TTFileProvider"
225-->[ddsdk-release.aar] AndroidManifest.xml:61:13-70
226            android:authorities="zhy.hongyuan.TTFileProvider"
226-->[ddsdk-release.aar] AndroidManifest.xml:62:13-66
227            android:exported="false"
227-->[ddsdk-release.aar] AndroidManifest.xml:63:13-37
228            android:grantUriPermissions="true" >
228-->[ddsdk-release.aar] AndroidManifest.xml:64:13-47
229            <meta-data
229-->src/main/AndroidManifest.xml:93:13-95:54
230                android:name="android.support.FILE_PROVIDER_PATHS"
230-->src/main/AndroidManifest.xml:94:17-67
231                android:resource="@xml/file_paths" />
231-->src/main/AndroidManifest.xml:95:17-51
232        </provider>
233        <provider
233-->[ddsdk-release.aar] AndroidManifest.xml:69:9-72:40
234            android:name="com.bytedance.sdk.openadsdk.multipro.TTMultiProvider"
234-->[ddsdk-release.aar] AndroidManifest.xml:70:13-80
235            android:authorities="zhy.hongyuan.TTMultiProvider"
235-->[ddsdk-release.aar] AndroidManifest.xml:71:13-67
236            android:exported="false" /> <!-- 穿山甲结束 -->
236-->[ddsdk-release.aar] AndroidManifest.xml:72:13-37
237        <service android:name="com.king.app.updater.service.DownloadService" />
237-->[ddsdk-release.aar] AndroidManifest.xml:74:9-80
237-->[ddsdk-release.aar] AndroidManifest.xml:74:18-77
238
239        <provider
239-->[ddsdk-release.aar] AndroidManifest.xml:76:9-84:20
240            android:name="com.king.app.updater.provider.AppUpdaterFileProvider"
240-->[ddsdk-release.aar] AndroidManifest.xml:77:13-80
241            android:authorities="zhy.hongyuan.fileProvider"
241-->[ddsdk-release.aar] AndroidManifest.xml:78:13-64
242            android:exported="false"
242-->[ddsdk-release.aar] AndroidManifest.xml:79:13-37
243            android:grantUriPermissions="true" >
243-->[ddsdk-release.aar] AndroidManifest.xml:80:13-47
244            <meta-data
244-->src/main/AndroidManifest.xml:93:13-95:54
245                android:name="android.support.FILE_PROVIDER_PATHS"
245-->src/main/AndroidManifest.xml:94:17-67
246                android:resource="@xml/app_updater_paths" />
246-->src/main/AndroidManifest.xml:95:17-51
247        </provider>
248
249        <activity
249-->[com.journeyapps:zxing-android-embedded:3.5.0] AndroidManifest.xml:46:9-52:63
250            android:name="com.journeyapps.barcodescanner.CaptureActivity"
250-->[com.journeyapps:zxing-android-embedded:3.5.0] AndroidManifest.xml:47:13-74
251            android:clearTaskOnLaunch="true"
251-->[com.journeyapps:zxing-android-embedded:3.5.0] AndroidManifest.xml:48:13-45
252            android:screenOrientation="sensorLandscape"
252-->[com.journeyapps:zxing-android-embedded:3.5.0] AndroidManifest.xml:49:13-56
253            android:stateNotNeeded="true"
253-->[com.journeyapps:zxing-android-embedded:3.5.0] AndroidManifest.xml:50:13-42
254            android:theme="@style/zxing_CaptureTheme"
254-->[com.journeyapps:zxing-android-embedded:3.5.0] AndroidManifest.xml:51:13-54
255            android:windowSoftInputMode="stateAlwaysHidden" />
255-->[com.journeyapps:zxing-android-embedded:3.5.0] AndroidManifest.xml:52:13-60
256
257        <service android:name="com.liulishuo.filedownloader.services.FileDownloadService$SharedMainProcessService" />
257-->[com.liulishuo.filedownloader:library:1.7.7] AndroidManifest.xml:12:9-118
257-->[com.liulishuo.filedownloader:library:1.7.7] AndroidManifest.xml:12:18-115
258        <service
258-->[com.liulishuo.filedownloader:library:1.7.7] AndroidManifest.xml:13:9-15:49
259            android:name="com.liulishuo.filedownloader.services.FileDownloadService$SeparateProcessService"
259-->[com.liulishuo.filedownloader:library:1.7.7] AndroidManifest.xml:14:13-108
260            android:process=":filedownloader" />
260-->[com.liulishuo.filedownloader:library:1.7.7] AndroidManifest.xml:15:13-46
261
262        <meta-data
262-->[com.pangle.cn:ads-sdk-pro:4.2.5.2] AndroidManifest.xml:35:9-37:1486
263            android:name="ZEUS_PLUGIN_PANGLE"
263-->[com.pangle.cn:ads-sdk-pro:4.2.5.2] AndroidManifest.xml:36:13-46
264            android:value="{                 apiVersionCode:4252,                 packageName:com.byted.pangle,                 minPluginVersion:4252,                 internalPath:137354967,                 internalVersionCode:4252,                 signature:&apos;MIIDfTCCAmWgAwIBAgIEfRwYPjANBgkqhkiG9w0BAQsFADBvMQswCQYDVQQGEwJDTjEQMA4GA1UECBMHQmVpamluZzEQMA4GA1UEBxMHQmVpamluZzESMBAGA1UEChMJQnl0ZURhbmNlMQ8wDQYDVQQLEwZQYW5nbGUxFzAVBgNVBAMTDkNodWFuIFNoYW4gSmlhMB4XDTIxMTEwODA2MjQzOVoXDTQ2MTEwMjA2MjQzOVowbzELMAkGA1UEBhMCQ04xEDAOBgNVBAgTB0JlaWppbmcxEDAOBgNVBAcTB0JlaWppbmcxEjAQBgNVBAoTCUJ5dGVEYW5jZTEPMA0GA1UECxMGUGFuZ2xlMRcwFQYDVQQDEw5DaHVhbiBTaGFuIEppYTCCASIwDQYJKoZIhvcNAQEBBQADggEPADCCAQoCggEBAIBKeRL+4mfCn1SLYv6OemfwwItkjlLPyqOEugkV6lanFTcZgLwEl5LIkL0y28UncPtMX1Mii6DzCdJ/plw7S9+RT/hYDneu339IKWojaU2qai/5FokHlQ0MMnYl5yry00ghVPsl1u+03cQA2ZnjIMiFhrBJpQzHt7IYvq2aEEMBcY8uT7iFoBI848e1mL1joVS2z02C3NliP7ZNARkXH+rTQAlCJulT5IZk+V/PTaKqzgNrkhsKh0/tBmU7m8u79x/xpgGsE19H18AgS4P/9/MDCRe2Z35boZeccaUy2MXCwv3djzUcDk3rRzQPYzdpyyRnrFMuhiKesc5VHgUMs9kCAwEAAaMhMB8wHQYDVR0OBBYEFENENrNWGzc2WhxdvhoMDs57U70zMA0GCSqGSIb3DQEBCwUAA4IBAQAHqDCrmvyBBmIGXwuL1rwS/Qv9ZJIZykBIaNMm+H1IfitCl4yXd9N2n+PjE0UZtxZ21UZOt9wAr+RFiSl5YRXqpt7WLARTy4YW3RiQ+wiL7bshzeSYBoSiC427Bfeq0WjwY0/jHlr8uouppyJOz++6U9hrYX2EW/6UjH5XlWiKQJ6b2ZzPcP8Xpg/TJn4tWvXJP6jw9kRRP2GmMttY78leWQst2QEZILmWJubXRLPj9O+qx2uP9oGTD4sc1vb9hzkOHBIHzGaalqLFbbGaeFpLFHoGTsnOfPTwUVKDZYmxbkcmR1bp7eYOW+nSQNMLn0FjDewZl5l37Sa/gz0WVHon&apos;             }" />
264-->[com.pangle.cn:ads-sdk-pro:4.2.5.2] AndroidManifest.xml:37:13-1483
265
266        <activity
266-->[com.pangle.cn:ads-sdk-pro:4.2.5.2] AndroidManifest.xml:39:9-44:70
267            android:name="com.bytedance.sdk.openadsdk.stub.activity.Stub_Standard_Activity"
267-->[com.pangle.cn:ads-sdk-pro:4.2.5.2] AndroidManifest.xml:40:13-92
268            android:configChanges="orientation|keyboardHidden|navigation|screenSize"
268-->[com.pangle.cn:ads-sdk-pro:4.2.5.2] AndroidManifest.xml:41:13-85
269            android:exported="false"
269-->[com.pangle.cn:ads-sdk-pro:4.2.5.2] AndroidManifest.xml:42:13-37